Loaded library X:\ShoulderInstability\CapsulorrhaphySimulation\selective-capsulorrhaphy-sims-mtlb\Plugin_DualEBCF\build\Release\osimDualEBCF.dll
Loaded model FullShoulderModel_None from file X:\ShoulderInstability\CapsulorrhaphySimulation\selective-capsulorrhaphy-sims-mtlb\ModelFiles\FullShoulderModel_None.osim
Loaded model FullShoulderModel_None from file X:\ShoulderInstability\CapsulorrhaphySimulation\selective-capsulorrhaphy-sims-mtlb\ModelFiles\FullShoulderModel_None.osim
Loaded model FullShoulderModel_Anteroinferior from file X:\ShoulderInstability\CapsulorrhaphySimulation\selective-capsulorrhaphy-sims-mtlb\ModelFiles\FullShoulderModel_Anteroinferior.osim
Loaded model FullShoulderModel_Anterosuperior from file X:\ShoulderInstability\CapsulorrhaphySimulation\selective-capsulorrhaphy-sims-mtlb\ModelFiles\FullShoulderModel_Anterosuperior.osim
Loaded model FullShoulderModel_Posteroinferior from file X:\ShoulderInstability\CapsulorrhaphySimulation\selective-capsulorrhaphy-sims-mtlb\ModelFiles\FullShoulderModel_Posteroinferior.osim
Loaded model FullShoulderModel_Posterosuperior from file X:\ShoulderInstability\CapsulorrhaphySimulation\selective-capsulorrhaphy-sims-mtlb\ModelFiles\FullShoulderModel_Posterosuperior.osim
Loaded model FullShoulderModel_TotalAnterior from file X:\ShoulderInstability\CapsulorrhaphySimulation\selective-capsulorrhaphy-sims-mtlb\ModelFiles\FullShoulderModel_TotalAnterior.osim
Loaded model FullShoulderModel_TotalInferior from file X:\ShoulderInstability\CapsulorrhaphySimulation\selective-capsulorrhaphy-sims-mtlb\ModelFiles\FullShoulderModel_TotalInferior.osim
Loaded model FullShoulderModel_TotalPosterior from file X:\ShoulderInstability\CapsulorrhaphySimulation\selective-capsulorrhaphy-sims-mtlb\ModelFiles\FullShoulderModel_TotalPosterior.osim
Loaded model FullShoulderModel_TotalSuperior from file X:\ShoulderInstability\CapsulorrhaphySimulation\selective-capsulorrhaphy-sims-mtlb\ModelFiles\FullShoulderModel_TotalSuperior.osim
Loaded model FullShoulderModel_None from file X:\ShoulderInstability\CapsulorrhaphySimulation\selective-capsulorrhaphy-sims-mtlb\ModelFiles\FullShoulderModel_None.osim
Loaded model FullShoulderModel_None from file X:\ShoulderInstability\CapsulorrhaphySimulation\selective-capsulorrhaphy-sims-mtlb\ModelFiles\FullShoulderModel_None.osim
Loaded model FullShoulderModel_Anteroinferior from file X:\ShoulderInstability\CapsulorrhaphySimulation\selective-capsulorrhaphy-sims-mtlb\ModelFiles\FullShoulderModel_Anteroinferior.osim
Loaded model FullShoulderModel_Anterosuperior from file X:\ShoulderInstability\CapsulorrhaphySimulation\selective-capsulorrhaphy-sims-mtlb\ModelFiles\FullShoulderModel_Anterosuperior.osim
Loaded model FullShoulderModel_Posteroinferior from file X:\ShoulderInstability\CapsulorrhaphySimulation\selective-capsulorrhaphy-sims-mtlb\ModelFiles\FullShoulderModel_Posteroinferior.osim
Loaded model FullShoulderModel_Posterosuperior from file X:\ShoulderInstability\CapsulorrhaphySimulation\selective-capsulorrhaphy-sims-mtlb\ModelFiles\FullShoulderModel_Posterosuperior.osim
Loaded model FullShoulderModel_TotalAnterior from file X:\ShoulderInstability\CapsulorrhaphySimulation\selective-capsulorrhaphy-sims-mtlb\ModelFiles\FullShoulderModel_TotalAnterior.osim
Loaded model FullShoulderModel_TotalInferior from file X:\ShoulderInstability\CapsulorrhaphySimulation\selective-capsulorrhaphy-sims-mtlb\ModelFiles\FullShoulderModel_TotalInferior.osim
Loaded model FullShoulderModel_TotalPosterior from file X:\ShoulderInstability\CapsulorrhaphySimulation\selective-capsulorrhaphy-sims-mtlb\ModelFiles\FullShoulderModel_TotalPosterior.osim
Loaded model FullShoulderModel_TotalSuperior from file X:\ShoulderInstability\CapsulorrhaphySimulation\selective-capsulorrhaphy-sims-mtlb\ModelFiles\FullShoulderModel_TotalSuperior.osim
Loaded model FullShoulderModel_None from file X:\ShoulderInstability\CapsulorrhaphySimulation\selective-capsulorrhaphy-sims-mtlb\ModelFiles\FullShoulderModel_None.osim
Loaded model FullShoulderModel_None from file X:\ShoulderInstability\CapsulorrhaphySimulation\selective-capsulorrhaphy-sims-mtlb\ModelFiles\FullShoulderModel_None.osim
Loaded model FullShoulderModel_Anteroinferior from file X:\ShoulderInstability\CapsulorrhaphySimulation\selective-capsulorrhaphy-sims-mtlb\ModelFiles\FullShoulderModel_Anteroinferior.osim
Loaded model FullShoulderModel_Anterosuperior from file X:\ShoulderInstability\CapsulorrhaphySimulation\selective-capsulorrhaphy-sims-mtlb\ModelFiles\FullShoulderModel_Anterosuperior.osim
Loaded model FullShoulderModel_Posteroinferior from file X:\ShoulderInstability\CapsulorrhaphySimulation\selective-capsulorrhaphy-sims-mtlb\ModelFiles\FullShoulderModel_Posteroinferior.osim
Loaded model FullShoulderModel_Posterosuperior from file X:\ShoulderInstability\CapsulorrhaphySimulation\selective-capsulorrhaphy-sims-mtlb\ModelFiles\FullShoulderModel_Posterosuperior.osim
Loaded model FullShoulderModel_TotalAnterior from file X:\ShoulderInstability\CapsulorrhaphySimulation\selective-capsulorrhaphy-sims-mtlb\ModelFiles\FullShoulderModel_TotalAnterior.osim
Loaded model FullShoulderModel_TotalInferior from file X:\ShoulderInstability\CapsulorrhaphySimulation\selective-capsulorrhaphy-sims-mtlb\ModelFiles\FullShoulderModel_TotalInferior.osim
Loaded model FullShoulderModel_TotalPosterior from file X:\ShoulderInstability\CapsulorrhaphySimulation\selective-capsulorrhaphy-sims-mtlb\ModelFiles\FullShoulderModel_TotalPosterior.osim
Loaded model FullShoulderModel_TotalSuperior from file X:\ShoulderInstability\CapsulorrhaphySimulation\selective-capsulorrhaphy-sims-mtlb\ModelFiles\FullShoulderModel_TotalSuperior.osim
