  Copying BTKBasicFilters.dll from C:/opensim-moco-0.1.0/bin to X:/ShoulderInstability/CapsulorrhaphySimulation/selective-capsulorrhaphy-sims-mtlb/Moco_GHJRF_Constraint/build/Release.
  Copying BTKCommon.dll from C:/opensim-moco-0.1.0/bin to X:/ShoulderInstability/CapsulorrhaphySimulation/selective-capsulorrhaphy-sims-mtlb/Moco_GHJRF_Constraint/build/Release.
  Copying BTKIO.dll from C:/opensim-moco-0.1.0/bin to X:/ShoulderInstability/CapsulorrhaphySimulation/selective-capsulorrhaphy-sims-mtlb/Moco_GHJRF_Constraint/build/Release.
  Copying SimTKcommon.dll from C:/opensim-moco-0.1.0/bin to X:/ShoulderInstability/CapsulorrhaphySimulation/selective-capsulorrhaphy-sims-mtlb/Moco_GHJRF_Constraint/build/Release.
  Copying SimTKmath.dll from C:/opensim-moco-0.1.0/bin to X:/ShoulderInstability/CapsulorrhaphySimulation/selective-capsulorrhaphy-sims-mtlb/Moco_GHJRF_Constraint/build/Release.
  Copying SimTKsimbody.dll from C:/opensim-moco-0.1.0/bin to X:/ShoulderInstability/CapsulorrhaphySimulation/selective-capsulorrhaphy-sims-mtlb/Moco_GHJRF_Constraint/build/Release.
  Copying adolc.dll from C:/opensim-moco-0.1.0/bin to X:/ShoulderInstability/CapsulorrhaphySimulation/selective-capsulorrhaphy-sims-mtlb/Moco_GHJRF_Constraint/build/Release.
  Copying casadi.dll from C:/opensim-moco-0.1.0/bin to X:/ShoulderInstability/CapsulorrhaphySimulation/selective-capsulorrhaphy-sims-mtlb/Moco_GHJRF_Constraint/build/Release.
  Copying casadi_conic_nlpsol.dll from C:/opensim-moco-0.1.0/bin to X:/ShoulderInstability/CapsulorrhaphySimulation/selective-capsulorrhaphy-sims-mtlb/Moco_GHJRF_Constraint/build/Release.
  Copying casadi_conic_qrqp.dll from C:/opensim-moco-0.1.0/bin to X:/ShoulderInstability/CapsulorrhaphySimulation/selective-capsulorrhaphy-sims-mtlb/Moco_GHJRF_Constraint/build/Release.
  Copying casadi_importer_shell.dll from C:/opensim-moco-0.1.0/bin to X:/ShoulderInstability/CapsulorrhaphySimulation/selective-capsulorrhaphy-sims-mtlb/Moco_GHJRF_Constraint/build/Release.
  Copying casadi_integrator_collocation.dll from C:/opensim-moco-0.1.0/bin to X:/ShoulderInstability/CapsulorrhaphySimulation/selective-capsulorrhaphy-sims-mtlb/Moco_GHJRF_Constraint/build/Release.
  Copying casadi_integrator_cvodes.dll from C:/opensim-moco-0.1.0/bin to X:/ShoulderInstability/CapsulorrhaphySimulation/selective-capsulorrhaphy-sims-mtlb/Moco_GHJRF_Constraint/build/Release.
  Copying casadi_integrator_idas.dll from C:/opensim-moco-0.1.0/bin to X:/ShoulderInstability/CapsulorrhaphySimulation/selective-capsulorrhaphy-sims-mtlb/Moco_GHJRF_Constraint/build/Release.
  Copying casadi_integrator_rk.dll from C:/opensim-moco-0.1.0/bin to X:/ShoulderInstability/CapsulorrhaphySimulation/selective-capsulorrhaphy-sims-mtlb/Moco_GHJRF_Constraint/build/Release.
  Copying casadi_interpolant_bspline.dll from C:/opensim-moco-0.1.0/bin to X:/ShoulderInstability/CapsulorrhaphySimulation/selective-capsulorrhaphy-sims-mtlb/Moco_GHJRF_Constraint/build/Release.
  Copying casadi_interpolant_linear.dll from C:/opensim-moco-0.1.0/bin to X:/ShoulderInstability/CapsulorrhaphySimulation/selective-capsulorrhaphy-sims-mtlb/Moco_GHJRF_Constraint/build/Release.
  Copying casadi_linsol_csparse.dll from C:/opensim-moco-0.1.0/bin to X:/ShoulderInstability/CapsulorrhaphySimulation/selective-capsulorrhaphy-sims-mtlb/Moco_GHJRF_Constraint/build/Release.
  Copying casadi_linsol_csparsecholesky.dll from C:/opensim-moco-0.1.0/bin to X:/ShoulderInstability/CapsulorrhaphySimulation/selective-capsulorrhaphy-sims-mtlb/Moco_GHJRF_Constraint/build/Release.
  Copying casadi_linsol_ldl.dll from C:/opensim-moco-0.1.0/bin to X:/ShoulderInstability/CapsulorrhaphySimulation/selective-capsulorrhaphy-sims-mtlb/Moco_GHJRF_Constraint/build/Release.
  Copying casadi_linsol_lsqr.dll from C:/opensim-moco-0.1.0/bin to X:/ShoulderInstability/CapsulorrhaphySimulation/selective-capsulorrhaphy-sims-mtlb/Moco_GHJRF_Constraint/build/Release.
  Copying casadi_linsol_qr.dll from C:/opensim-moco-0.1.0/bin to X:/ShoulderInstability/CapsulorrhaphySimulation/selective-capsulorrhaphy-sims-mtlb/Moco_GHJRF_Constraint/build/Release.
  Copying casadi_linsol_symbolicqr.dll from C:/opensim-moco-0.1.0/bin to X:/ShoulderInstability/CapsulorrhaphySimulation/selective-capsulorrhaphy-sims-mtlb/Moco_GHJRF_Constraint/build/Release.
  Copying casadi_nlpsol_ipopt.dll from C:/opensim-moco-0.1.0/bin to X:/ShoulderInstability/CapsulorrhaphySimulation/selective-capsulorrhaphy-sims-mtlb/Moco_GHJRF_Constraint/build/Release.
  Copying casadi_nlpsol_qrsqp.dll from C:/opensim-moco-0.1.0/bin to X:/ShoulderInstability/CapsulorrhaphySimulation/selective-capsulorrhaphy-sims-mtlb/Moco_GHJRF_Constraint/build/Release.
  Copying casadi_nlpsol_scpgen.dll from C:/opensim-moco-0.1.0/bin to X:/ShoulderInstability/CapsulorrhaphySimulation/selective-capsulorrhaphy-sims-mtlb/Moco_GHJRF_Constraint/build/Release.
  Copying casadi_nlpsol_sqpmethod.dll from C:/opensim-moco-0.1.0/bin to X:/ShoulderInstability/CapsulorrhaphySimulation/selective-capsulorrhaphy-sims-mtlb/Moco_GHJRF_Constraint/build/Release.
  Copying casadi_rootfinder_fast_newton.dll from C:/opensim-moco-0.1.0/bin to X:/ShoulderInstability/CapsulorrhaphySimulation/selective-capsulorrhaphy-sims-mtlb/Moco_GHJRF_Constraint/build/Release.
  Copying casadi_rootfinder_kinsol.dll from C:/opensim-moco-0.1.0/bin to X:/ShoulderInstability/CapsulorrhaphySimulation/selective-capsulorrhaphy-sims-mtlb/Moco_GHJRF_Constraint/build/Release.
  Copying casadi_rootfinder_newton.dll from C:/opensim-moco-0.1.0/bin to X:/ShoulderInstability/CapsulorrhaphySimulation/selective-capsulorrhaphy-sims-mtlb/Moco_GHJRF_Constraint/build/Release.
  Copying casadi_rootfinder_nlpsol.dll from C:/opensim-moco-0.1.0/bin to X:/ShoulderInstability/CapsulorrhaphySimulation/selective-capsulorrhaphy-sims-mtlb/Moco_GHJRF_Constraint/build/Release.
  Copying casadi_sundials_common.dll from C:/opensim-moco-0.1.0/bin to X:/ShoulderInstability/CapsulorrhaphySimulation/selective-capsulorrhaphy-sims-mtlb/Moco_GHJRF_Constraint/build/Release.
  Copying casadi_xmlfile_tinyxml.dll from C:/opensim-moco-0.1.0/bin to X:/ShoulderInstability/CapsulorrhaphySimulation/selective-capsulorrhaphy-sims-mtlb/Moco_GHJRF_Constraint/build/Release.
  Copying concrt140.dll from C:/opensim-moco-0.1.0/bin to X:/ShoulderInstability/CapsulorrhaphySimulation/selective-capsulorrhaphy-sims-mtlb/Moco_GHJRF_Constraint/build/Release.
  Copying flang.dll from C:/opensim-moco-0.1.0/bin to X:/ShoulderInstability/CapsulorrhaphySimulation/selective-capsulorrhaphy-sims-mtlb/Moco_GHJRF_Constraint/build/Release.
  Copying flangrti.dll from C:/opensim-moco-0.1.0/bin to X:/ShoulderInstability/CapsulorrhaphySimulation/selective-capsulorrhaphy-sims-mtlb/Moco_GHJRF_Constraint/build/Release.
  Copying glut32.dll from C:/opensim-moco-0.1.0/bin to X:/ShoulderInstability/CapsulorrhaphySimulation/selective-capsulorrhaphy-sims-mtlb/Moco_GHJRF_Constraint/build/Release.
  Copying libblas.dll from C:/opensim-moco-0.1.0/bin to X:/ShoulderInstability/CapsulorrhaphySimulation/selective-capsulorrhaphy-sims-mtlb/Moco_GHJRF_Constraint/build/Release.
  Copying libgcc_s_sjlj-1.dll from C:/opensim-moco-0.1.0/bin to X:/ShoulderInstability/CapsulorrhaphySimulation/selective-capsulorrhaphy-sims-mtlb/Moco_GHJRF_Constraint/build/Release.
  Copying libgfortran-3.dll from C:/opensim-moco-0.1.0/bin to X:/ShoulderInstability/CapsulorrhaphySimulation/selective-capsulorrhaphy-sims-mtlb/Moco_GHJRF_Constraint/build/Release.
  Copying liblapack.dll from C:/opensim-moco-0.1.0/bin to X:/ShoulderInstability/CapsulorrhaphySimulation/selective-capsulorrhaphy-sims-mtlb/Moco_GHJRF_Constraint/build/Release.
  Copying libomp.dll from C:/opensim-moco-0.1.0/bin to X:/ShoulderInstability/CapsulorrhaphySimulation/selective-capsulorrhaphy-sims-mtlb/Moco_GHJRF_Constraint/build/Release.
  Copying libquadmath-0.dll from C:/opensim-moco-0.1.0/bin to X:/ShoulderInstability/CapsulorrhaphySimulation/selective-capsulorrhaphy-sims-mtlb/Moco_GHJRF_Constraint/build/Release.
  Copying msvcp140.dll from C:/opensim-moco-0.1.0/bin to X:/ShoulderInstability/CapsulorrhaphySimulation/selective-capsulorrhaphy-sims-mtlb/Moco_GHJRF_Constraint/build/Release.
  Copying openblas.dll from C:/opensim-moco-0.1.0/bin to X:/ShoulderInstability/CapsulorrhaphySimulation/selective-capsulorrhaphy-sims-mtlb/Moco_GHJRF_Constraint/build/Release.
  Copying osimActuators.dll from C:/opensim-moco-0.1.0/bin to X:/ShoulderInstability/CapsulorrhaphySimulation/selective-capsulorrhaphy-sims-mtlb/Moco_GHJRF_Constraint/build/Release.
  Copying osimAnalyses.dll from C:/opensim-moco-0.1.0/bin to X:/ShoulderInstability/CapsulorrhaphySimulation/selective-capsulorrhaphy-sims-mtlb/Moco_GHJRF_Constraint/build/Release.
  Copying osimCommon.dll from C:/opensim-moco-0.1.0/bin to X:/ShoulderInstability/CapsulorrhaphySimulation/selective-capsulorrhaphy-sims-mtlb/Moco_GHJRF_Constraint/build/Release.
  Copying osimExampleComponents.dll from C:/opensim-moco-0.1.0/bin to X:/ShoulderInstability/CapsulorrhaphySimulation/selective-capsulorrhaphy-sims-mtlb/Moco_GHJRF_Constraint/build/Release.
  Copying osimJavaJNI.dll from C:/opensim-moco-0.1.0/bin to X:/ShoulderInstability/CapsulorrhaphySimulation/selective-capsulorrhaphy-sims-mtlb/Moco_GHJRF_Constraint/build/Release.
  Copying osimLepton.dll from C:/opensim-moco-0.1.0/bin to X:/ShoulderInstability/CapsulorrhaphySimulation/selective-capsulorrhaphy-sims-mtlb/Moco_GHJRF_Constraint/build/Release.
  Copying osimMoco.dll from C:/opensim-moco-0.1.0/bin to X:/ShoulderInstability/CapsulorrhaphySimulation/selective-capsulorrhaphy-sims-mtlb/Moco_GHJRF_Constraint/build/Release.
  Copying osimMocoJavaJNI.dll from C:/opensim-moco-0.1.0/bin to X:/ShoulderInstability/CapsulorrhaphySimulation/selective-capsulorrhaphy-sims-mtlb/Moco_GHJRF_Constraint/build/Release.
  Copying osimSimulation.dll from C:/opensim-moco-0.1.0/bin to X:/ShoulderInstability/CapsulorrhaphySimulation/selective-capsulorrhaphy-sims-mtlb/Moco_GHJRF_Constraint/build/Release.
  Copying osimTools.dll from C:/opensim-moco-0.1.0/bin to X:/ShoulderInstability/CapsulorrhaphySimulation/selective-capsulorrhaphy-sims-mtlb/Moco_GHJRF_Constraint/build/Release.
  Copying tropter.dll from C:/opensim-moco-0.1.0/bin to X:/ShoulderInstability/CapsulorrhaphySimulation/selective-capsulorrhaphy-sims-mtlb/Moco_GHJRF_Constraint/build/Release.
  Copying vcruntime140.dll from C:/opensim-moco-0.1.0/bin to X:/ShoulderInstability/CapsulorrhaphySimulation/selective-capsulorrhaphy-sims-mtlb/Moco_GHJRF_Constraint/build/Release.
  Copying vcruntime140_1.dll from C:/opensim-moco-0.1.0/bin to X:/ShoulderInstability/CapsulorrhaphySimulation/selective-capsulorrhaphy-sims-mtlb/Moco_GHJRF_Constraint/build/Release.
  Building Custom Rule X:/ShoulderInstability/CapsulorrhaphySimulation/selective-capsulorrhaphy-sims-mtlb/Moco_GHJRF_Constraint/CMakeLists.txt
